

*******************************************************************************
Mon Nov  9 17:04:02 2020


FIT:    data read from 'hist.temp' u 1:2
        format = x:z
        #datapoints = 18
        residuals are weighted equally (unit weight)

function used for fitting: P(x)
	P(x) = a*(x**alpha)*exp(-b*(x**beta))
fitted parameters initialized with current variable values

iter      chisq       delta/lim  lambda   a             alpha         b             beta         
   0 3.2835523646e+00   0.00e+00  8.84e-01    7.000000e+00   2.000000e+00   2.000000e+00   1.000000e+00
 224 6.0130241622e-04  -4.61e-02  8.84e-03    9.475380e-01   1.742799e+00   1.562861e+00   1.742299e+00

After 224 iterations the fit converged.
final sum of squares of residuals : 0.000601302
rel. change during last iteration : -4.61052e-07

degrees of freedom    (FIT_NDF)                        : 14
rms of residuals      (FIT_STDFIT) = sqrt(WSSR/ndf)    : 0.00655364
variance of residuals (reduced chisquare) = WSSR/ndf   : 4.29502e-05

Final set of parameters            Asymptotic Standard Error
=======================            ==========================
a               = 0.947538         +/- 0.3641       (38.42%)
alpha           = 1.7428           +/- 0.2624       (15.06%)
b               = 1.56286          +/- 0.3923       (25.1%)
beta            = 1.7423           +/- 0.2431       (13.95%)

correlation matrix of the fit parameters:
                a      alpha  b      beta   
a               1.000 
alpha           0.981  1.000 
b               0.998  0.974  1.000 
beta           -0.975 -0.924 -0.981  1.000 


*******************************************************************************
Mon Nov  9 21:48:09 2020


FIT:    data read from 'hist.temp' u 1:2
        format = x:z
        #datapoints = 33
        residuals are weighted equally (unit weight)

function used for fitting: P(x)
	P(x) = a*(x**alpha)*exp(-b*(x**beta))
fitted parameters initialized with current variable values

iter      chisq       delta/lim  lambda   a             alpha         b             beta         
   0 5.3676612128e+00   0.00e+00  7.95e-01    7.000000e+00   2.000000e+00   2.000000e+00   1.000000e+00
 541 3.1085969205e-04  -2.13e-03  7.95e-02    1.491741e+00   2.397506e+00   2.363485e+00   1.469874e+00

After 541 iterations the fit converged.
final sum of squares of residuals : 0.00031086
rel. change during last iteration : -2.13205e-08

degrees of freedom    (FIT_NDF)                        : 29
rms of residuals      (FIT_STDFIT) = sqrt(WSSR/ndf)    : 0.00327403
variance of residuals (reduced chisquare) = WSSR/ndf   : 1.07193e-05

Final set of parameters            Asymptotic Standard Error
=======================            ==========================
a               = 1.49174          +/- 0.6496       (43.55%)
alpha           = 2.39751          +/- 0.2653       (11.07%)
b               = 2.36349          +/- 0.4411       (18.66%)
beta            = 1.46987          +/- 0.151        (10.27%)

correlation matrix of the fit parameters:
                a      alpha  b      beta   
a               1.000 
alpha           0.989  1.000 
b               1.000  0.987  1.000 
beta           -0.986 -0.955 -0.988  1.000 


*******************************************************************************
Mon Nov  9 21:52:23 2020


FIT:    data read from 'hist.temp' u 1:2
        format = x:z
        #datapoints = 33
        residuals are weighted equally (unit weight)

function used for fitting: P(x)
	P(x) = a*(x**alpha)*exp(-b*(x**beta))
fitted parameters initialized with current variable values

iter      chisq       delta/lim  lambda   a             alpha         b             beta         
   0 5.3676612128e+00   0.00e+00  7.95e-01    7.000000e+00   2.000000e+00   2.000000e+00   1.000000e+00
 541 3.1085969205e-04  -2.13e-03  7.95e-02    1.491741e+00   2.397506e+00   2.363485e+00   1.469874e+00

After 541 iterations the fit converged.
final sum of squares of residuals : 0.00031086
rel. change during last iteration : -2.13205e-08

degrees of freedom    (FIT_NDF)                        : 29
rms of residuals      (FIT_STDFIT) = sqrt(WSSR/ndf)    : 0.00327403
variance of residuals (reduced chisquare) = WSSR/ndf   : 1.07193e-05

Final set of parameters            Asymptotic Standard Error
=======================            ==========================
a               = 1.49174          +/- 0.6496       (43.55%)
alpha           = 2.39751          +/- 0.2653       (11.07%)
b               = 2.36349          +/- 0.4411       (18.66%)
beta            = 1.46987          +/- 0.151        (10.27%)

correlation matrix of the fit parameters:
                a      alpha  b      beta   
a               1.000 
alpha           0.989  1.000 
b               1.000  0.987  1.000 
beta           -0.986 -0.955 -0.988  1.000 


*******************************************************************************
Mon Nov  9 22:05:32 2020


FIT:    data read from 'hist2.temp' u 1:2
        format = x:z
        #datapoints = 16
        residuals are weighted equally (unit weight)

function used for fitting: P(x)
	P(x) = a*(x**alpha)*exp(-b*(x**beta))
fitted parameters initialized with current variable values

iter      chisq       delta/lim  lambda   a             alpha         b             beta         
   0 6.7276106650e-03   0.00e+00  3.17e-01    7.000000e+00   2.000000e+00   2.000000e+00   1.000000e+00
 205 8.6372287712e-06  -9.85e-01  3.17e-03    9.491005e+00  -2.549343e+00   2.220815e+00   6.365619e-03

After 205 iterations the fit converged.
final sum of squares of residuals : 8.63723e-06
rel. change during last iteration : -9.84501e-06

degrees of freedom    (FIT_NDF)                        : 12
rms of residuals      (FIT_STDFIT) = sqrt(WSSR/ndf)    : 0.000848392
variance of residuals (reduced chisquare) = WSSR/ndf   : 7.19769e-07

Final set of parameters            Asymptotic Standard Error
=======================            ==========================
a               = 9.49101          +/- 2.902e+07    (3.058e+08%)
alpha           = -2.54934         +/- 8158         (3.2e+05%)
b               = 2.22081          +/- 3.061e+06    (1.378e+08%)
beta            = 0.00636562       +/- 5082         (7.983e+07%)

correlation matrix of the fit parameters:
                a      alpha  b      beta   
a               1.000 
alpha           1.000  1.000 
b               1.000  1.000  1.000 
beta           -1.000 -1.000 -1.000  1.000 


*******************************************************************************
Mon Nov  9 22:07:04 2020


FIT:    data read from 'hist2.temp' u 1:2
        format = x:z
        #datapoints = 16
        residuals are weighted equally (unit weight)

function used for fitting: P(x)
	P(x) = a*(x**alpha)*exp(-b*(x**beta))
fitted parameters initialized with current variable values

iter      chisq       delta/lim  lambda   a             alpha         b             beta         
   0 2.5787650215e-02   0.00e+00  2.21e-01    7.000000e+00  -2.549343e+00   2.000000e+00   1.000000e+00
  55 8.6360973584e-06  -9.91e-01  2.21e-03    5.906259e+00  -2.555980e+00   1.746480e+00   4.322633e-03

After 55 iterations the fit converged.
final sum of squares of residuals : 8.6361e-06
rel. change during last iteration : -9.91292e-06

degrees of freedom    (FIT_NDF)                        : 12
rms of residuals      (FIT_STDFIT) = sqrt(WSSR/ndf)    : 0.000848336
variance of residuals (reduced chisquare) = WSSR/ndf   : 7.19675e-07

Final set of parameters            Asymptotic Standard Error
=======================            ==========================
a               = 5.90626          +/- 4.829e+07    (8.175e+08%)
alpha           = -2.55598         +/- 1.371e+04    (5.362e+05%)
b               = 1.74648          +/- 8.182e+06    (4.685e+08%)
beta            = 0.00432263       +/- 1.237e+04    (2.861e+08%)

correlation matrix of the fit parameters:
                a      alpha  b      beta   
a               1.000 
alpha           1.000  1.000 
b               1.000  1.000  1.000 
beta           -1.000 -1.000 -1.000  1.000 


*******************************************************************************
Mon Nov  9 22:07:23 2020


FIT:    data read from 'hist2.temp' u 1:2
        format = x:z
        #datapoints = 16
        residuals are weighted equally (unit weight)

function used for fitting: P(x)
	P(x) = a*(x)*exp(-b*(x**beta))
fitted parameters initialized with current variable values

iter      chisq       delta/lim  lambda   a             alpha         b             beta         
   0 5.5504831839e-04   0.00e+00  2.66e-01    7.000000e+00  -2.555980e+00   2.000000e+00   1.000000e+00
BREAK: Singular matrix in Invert_RtR

*******************************************************************************
Mon Nov  9 22:08:05 2020


FIT:    data read from 'hist2.temp' u 1:2
        format = x:z
        #datapoints = 16
        residuals are weighted equally (unit weight)

function used for fitting: P(x)
	P(x) = a*x*exp(-b*(x**beta))
fitted parameters initialized with current variable values

iter      chisq       delta/lim  lambda   a             b             beta         
   0 5.5504831839e-04   0.00e+00  3.08e-01    7.000000e+00   2.000000e+00   1.000000e+00
1989 1.2322037971e-04  -6.95e-01  3.08e-05    3.441609e+02   5.853855e+00   4.552123e-01

After 1989 iterations the fit converged.
final sum of squares of residuals : 0.00012322
rel. change during last iteration : -6.94543e-06

degrees of freedom    (FIT_NDF)                        : 13
rms of residuals      (FIT_STDFIT) = sqrt(WSSR/ndf)    : 0.00307872
variance of residuals (reduced chisquare) = WSSR/ndf   : 9.47849e-06

Final set of parameters            Asymptotic Standard Error
=======================            ==========================
a               = 344.161          +/- 1204         (349.7%)
b               = 5.85385          +/- 3.491        (59.63%)
beta            = 0.455212         +/- 0.2078       (45.65%)

correlation matrix of the fit parameters:
                a      b      beta   
a               1.000 
b               1.000  1.000 
beta           -1.000 -1.000  1.000 


*******************************************************************************
Mon Nov  9 22:12:10 2020


FIT:    data read from 'hist.temp' u 1:2
        format = x:z
        #datapoints = 74
        residuals are weighted equally (unit weight)

function used for fitting: P(x)
	P(x) = a*(x**alpha)*exp(-b*(x**beta))
fitted parameters initialized with current variable values

iter      chisq       delta/lim  lambda   a             alpha         b             beta         
   0 1.0789016649e+01   0.00e+00  7.15e-01    7.000000e+00   2.000000e+00   2.000000e+00   1.000000e+00
 660 1.3538052219e-04  -8.24e-01  7.15e-05    1.229462e+00   2.529426e+00   2.787281e+00   1.316491e+00

After 660 iterations the fit converged.
final sum of squares of residuals : 0.000135381
rel. change during last iteration : -8.23633e-06

degrees of freedom    (FIT_NDF)                        : 70
rms of residuals      (FIT_STDFIT) = sqrt(WSSR/ndf)    : 0.00139069
variance of residuals (reduced chisquare) = WSSR/ndf   : 1.93401e-06

Final set of parameters            Asymptotic Standard Error
=======================            ==========================
a               = 1.22946          +/- 0.3818       (31.05%)
alpha           = 2.52943          +/- 0.1711       (6.765%)
b               = 2.78728          +/- 0.3142       (11.27%)
beta            = 1.31649          +/- 0.08213      (6.239%)

correlation matrix of the fit parameters:
                a      alpha  b      beta   
a               1.000 
alpha           0.991  1.000 
b               1.000  0.989  1.000 
beta           -0.988 -0.961 -0.989  1.000 


*******************************************************************************
Mon Nov  9 22:13:18 2020


FIT:    data read from 'hist.temp' u 1:2
        format = x:z
        #datapoints = 74
        residuals are weighted equally (unit weight)

function used for fitting: P(x)
	P(x) = a*(x**alpha)*exp(-b*(x**beta))
fitted parameters initialized with current variable values

iter      chisq       delta/lim  lambda   a             alpha         b             beta         
   0 1.0789016649e+01   0.00e+00  7.15e-01    7.000000e+00   2.000000e+00   2.000000e+00   1.000000e+00
 660 1.3538052219e-04  -8.24e-01  7.15e-05    1.229462e+00   2.529426e+00   2.787281e+00   1.316491e+00

After 660 iterations the fit converged.
final sum of squares of residuals : 0.000135381
rel. change during last iteration : -8.23633e-06

degrees of freedom    (FIT_NDF)                        : 70
rms of residuals      (FIT_STDFIT) = sqrt(WSSR/ndf)    : 0.00139069
variance of residuals (reduced chisquare) = WSSR/ndf   : 1.93401e-06

Final set of parameters            Asymptotic Standard Error
=======================            ==========================
a               = 1.22946          +/- 0.3818       (31.05%)
alpha           = 2.52943          +/- 0.1711       (6.765%)
b               = 2.78728          +/- 0.3142       (11.27%)
beta            = 1.31649          +/- 0.08213      (6.239%)

correlation matrix of the fit parameters:
                a      alpha  b      beta   
a               1.000 
alpha           0.991  1.000 
b               1.000  0.989  1.000 
beta           -0.988 -0.961 -0.989  1.000 


*******************************************************************************
Mon Nov  9 22:18:43 2020


FIT:    data read from 'hist2.temp' u 1:2
        format = x:z
        #datapoints = 16
        residuals are weighted equally (unit weight)

function used for fitting: P(x)
	P(x) = a*x*exp(-b*(x**beta))
fitted parameters initialized with current variable values

iter      chisq       delta/lim  lambda   a             b             beta         
   0 5.5504831839e-04   0.00e+00  3.08e-01    7.000000e+00   2.000000e+00   1.000000e+00
1989 1.2322037971e-04  -6.95e-01  3.08e-05    3.441609e+02   5.853855e+00   4.552123e-01

After 1989 iterations the fit converged.
final sum of squares of residuals : 0.00012322
rel. change during last iteration : -6.94543e-06

degrees of freedom    (FIT_NDF)                        : 13
rms of residuals      (FIT_STDFIT) = sqrt(WSSR/ndf)    : 0.00307872
variance of residuals (reduced chisquare) = WSSR/ndf   : 9.47849e-06

Final set of parameters            Asymptotic Standard Error
=======================            ==========================
a               = 344.161          +/- 1204         (349.7%)
b               = 5.85385          +/- 3.491        (59.63%)
beta            = 0.455212         +/- 0.2078       (45.65%)

correlation matrix of the fit parameters:
                a      b      beta   
a               1.000 
b               1.000  1.000 
beta           -1.000 -1.000  1.000 


*******************************************************************************
Mon Nov  9 22:19:46 2020


FIT:    data read from 'hist2.temp' u 1:2
        format = x:z
        #datapoints = 16
        residuals are weighted equally (unit weight)

function used for fitting: P(x)
	P(x) = a*(x**alpha)*exp(-b*(x**beta))
fitted parameters initialized with current variable values

iter      chisq       delta/lim  lambda   a             alpha         b             beta         
   0 6.7276106650e-03   0.00e+00  3.17e-01    7.000000e+00   2.000000e+00   2.000000e+00   1.000000e+00
 205 8.6372287712e-06  -9.85e-01  3.17e-03    9.491005e+00  -2.549343e+00   2.220815e+00   6.365619e-03

After 205 iterations the fit converged.
final sum of squares of residuals : 8.63723e-06
rel. change during last iteration : -9.84501e-06

degrees of freedom    (FIT_NDF)                        : 12
rms of residuals      (FIT_STDFIT) = sqrt(WSSR/ndf)    : 0.000848392
variance of residuals (reduced chisquare) = WSSR/ndf   : 7.19769e-07

Final set of parameters            Asymptotic Standard Error
=======================            ==========================
a               = 9.49101          +/- 2.902e+07    (3.058e+08%)
alpha           = -2.54934         +/- 8158         (3.2e+05%)
b               = 2.22081          +/- 3.061e+06    (1.378e+08%)
beta            = 0.00636562       +/- 5082         (7.983e+07%)

correlation matrix of the fit parameters:
                a      alpha  b      beta   
a               1.000 
alpha           1.000  1.000 
b               1.000  1.000  1.000 
beta           -1.000 -1.000 -1.000  1.000 


*******************************************************************************
Mon Nov  9 22:20:25 2020


FIT:    data read from 'hist2.temp' u 1:2
        format = x:z
        #datapoints = 16
        residuals are weighted equally (unit weight)

function used for fitting: P(x)
	P(x) = a*(x**alpha)*exp(-b*(x**beta))
fitted parameters initialized with current variable values

iter      chisq       delta/lim  lambda   a             alpha         b             beta         
   0 3.7901589644e-02   0.00e+00  2.05e-01    3.000000e+00   2.000000e+00   1.000000e+00   2.000000e+00
  81 8.6356974070e-06  -8.23e-01  2.05e-03    4.118553e+00  -2.559414e+00   1.385970e+00   2.975363e-03

After 81 iterations the fit converged.
final sum of squares of residuals : 8.6357e-06
rel. change during last iteration : -8.23269e-06

degrees of freedom    (FIT_NDF)                        : 12
rms of residuals      (FIT_STDFIT) = sqrt(WSSR/ndf)    : 0.000848317
variance of residuals (reduced chisquare) = WSSR/ndf   : 7.19641e-07

Final set of parameters            Asymptotic Standard Error
=======================            ==========================
a               = 4.11855          +/- 8.346e+07    (2.026e+09%)
alpha           = -2.55941         +/- 2.117e+04    (8.272e+05%)
b               = 1.38597          +/- 2.028e+07    (1.463e+09%)
beta            = 0.00297536       +/- 2.82e+04     (9.477e+08%)

correlation matrix of the fit parameters:
                a      alpha  b      beta   
a               1.000 
alpha           1.000  1.000 
b               1.000  1.000  1.000 
beta           -1.000 -1.000 -1.000  1.000 


*******************************************************************************
Mon Nov  9 22:20:57 2020


FIT:    data read from 'hist2.temp' u 1:2
        format = x:z
        #datapoints = 16
        residuals are weighted equally (unit weight)

function used for fitting: P(x)
	P(x) = a*(x**alpha)*exp(-b*(x**beta))
fitted parameters initialized with current variable values

iter      chisq       delta/lim  lambda   a             alpha         b             beta         
   0 3.7901589644e-02   0.00e+00  2.05e-01    3.000000e+00   2.000000e+00   1.000000e+00   2.000000e+00
  81 8.6356974070e-06  -8.23e-01  2.05e-03    4.118553e+00  -2.559414e+00   1.385970e+00   2.975363e-03

After 81 iterations the fit converged.
final sum of squares of residuals : 8.6357e-06
rel. change during last iteration : -8.23269e-06

degrees of freedom    (FIT_NDF)                        : 12
rms of residuals      (FIT_STDFIT) = sqrt(WSSR/ndf)    : 0.000848317
variance of residuals (reduced chisquare) = WSSR/ndf   : 7.19641e-07

Final set of parameters            Asymptotic Standard Error
=======================            ==========================
a               = 4.11855          +/- 8.346e+07    (2.026e+09%)
alpha           = -2.55941         +/- 2.117e+04    (8.272e+05%)
b               = 1.38597          +/- 2.028e+07    (1.463e+09%)
beta            = 0.00297536       +/- 2.82e+04     (9.477e+08%)

correlation matrix of the fit parameters:
                a      alpha  b      beta   
a               1.000 
alpha           1.000  1.000 
b               1.000  1.000  1.000 
beta           -1.000 -1.000 -1.000  1.000 


*******************************************************************************
Mon Nov  9 22:24:19 2020


FIT:    data read from 'hist2.temp' u 1:2
        format = x:z
        #datapoints = 19
        residuals are weighted equally (unit weight)

function used for fitting: P(x)
	P(x) = a*(x**alpha)*exp(-b*(x**beta))
fitted parameters initialized with current variable values

iter      chisq       delta/lim  lambda   a             alpha         b             beta         
   0 3.5421574884e-02   0.00e+00  1.67e-01    3.000000e+00   2.000000e+00   1.000000e+00   2.000000e+00
  35 9.2020748071e-06  -4.52e-02  1.67e-04    3.635552e+00  -2.506876e+00   1.620196e+00   6.026328e-03

After 35 iterations the fit converged.
final sum of squares of residuals : 9.20207e-06
rel. change during last iteration : -4.51574e-07

degrees of freedom    (FIT_NDF)                        : 15
rms of residuals      (FIT_STDFIT) = sqrt(WSSR/ndf)    : 0.000783244
variance of residuals (reduced chisquare) = WSSR/ndf   : 6.13472e-07

Final set of parameters            Asymptotic Standard Error
=======================            ==========================
a               = 3.63555          +/- 9.873e+06    (2.716e+08%)
alpha           = -2.50688         +/- 6810         (2.716e+05%)
b               = 1.6202           +/- 2.718e+06    (1.677e+08%)
beta            = 0.00602633       +/- 5890         (9.773e+07%)

correlation matrix of the fit parameters:
                a      alpha  b      beta   
a               1.000 
alpha           1.000  1.000 
b               1.000  1.000  1.000 
beta           -1.000 -1.000 -1.000  1.000 


*******************************************************************************
Mon Nov  9 22:24:58 2020


FIT:    data read from 'hist2.temp' u 1:2
        format = x:z
        #datapoints = 19
        residuals are weighted equally (unit weight)

function used for fitting: P(x)
	P(x) = a*(x**alpha)*exp(-b*(x**beta))
fitted parameters initialized with current variable values

iter      chisq       delta/lim  lambda   a             alpha         b             beta         
   0 3.5421574884e-02   0.00e+00  1.67e-01    3.000000e+00   2.000000e+00   1.000000e+00   2.000000e+00
  35 9.2020748071e-06  -4.52e-02  1.67e-04    3.635552e+00  -2.506876e+00   1.620196e+00   6.026328e-03

After 35 iterations the fit converged.
final sum of squares of residuals : 9.20207e-06
rel. change during last iteration : -4.51574e-07

degrees of freedom    (FIT_NDF)                        : 15
rms of residuals      (FIT_STDFIT) = sqrt(WSSR/ndf)    : 0.000783244
variance of residuals (reduced chisquare) = WSSR/ndf   : 6.13472e-07

Final set of parameters            Asymptotic Standard Error
=======================            ==========================
a               = 3.63555          +/- 9.873e+06    (2.716e+08%)
alpha           = -2.50688         +/- 6810         (2.716e+05%)
b               = 1.6202           +/- 2.718e+06    (1.677e+08%)
beta            = 0.00602633       +/- 5890         (9.773e+07%)

correlation matrix of the fit parameters:
                a      alpha  b      beta   
a               1.000 
alpha           1.000  1.000 
b               1.000  1.000  1.000 
beta           -1.000 -1.000 -1.000  1.000 


*******************************************************************************
Mon Nov  9 22:25:28 2020


FIT:    data read from 'hist2.temp' u 1:2
        format = x:z
        #datapoints = 19
        residuals are weighted equally (unit weight)

function used for fitting: P(x)
	P(x) = a*(x**alpha)*exp(-b*(x**beta))
fitted parameters initialized with current variable values

iter      chisq       delta/lim  lambda   a             alpha         b             beta         
   0 3.5421574884e-02   0.00e+00  1.67e-01    3.000000e+00   2.000000e+00   1.000000e+00   2.000000e+00
  35 9.2020748071e-06  -4.52e-02  1.67e-04    3.635552e+00  -2.506876e+00   1.620196e+00   6.026328e-03

After 35 iterations the fit converged.
final sum of squares of residuals : 9.20207e-06
rel. change during last iteration : -4.51574e-07

degrees of freedom    (FIT_NDF)                        : 15
rms of residuals      (FIT_STDFIT) = sqrt(WSSR/ndf)    : 0.000783244
variance of residuals (reduced chisquare) = WSSR/ndf   : 6.13472e-07

Final set of parameters            Asymptotic Standard Error
=======================            ==========================
a               = 3.63555          +/- 9.873e+06    (2.716e+08%)
alpha           = -2.50688         +/- 6810         (2.716e+05%)
b               = 1.6202           +/- 2.718e+06    (1.677e+08%)
beta            = 0.00602633       +/- 5890         (9.773e+07%)

correlation matrix of the fit parameters:
                a      alpha  b      beta   
a               1.000 
alpha           1.000  1.000 
b               1.000  1.000  1.000 
beta           -1.000 -1.000 -1.000  1.000 


*******************************************************************************
Mon Nov  9 22:32:36 2020


FIT:    data read from 'hist.temp' u 1:2
        format = x:z
        #datapoints = 38
        residuals are weighted equally (unit weight)

function used for fitting: P(x)
	P(x) = a*(x**alpha)*exp(-b*(x**beta))
fitted parameters initialized with current variable values

iter      chisq       delta/lim  lambda   a             alpha         b             beta         
   0 6.3255048322e+00   0.00e+00  5.20e-01    3.000000e+00   2.000000e+00   1.000000e+00   2.000000e+00
  16 3.0692918449e-04  -2.66e-02  5.20e-07    2.793191e+00   2.797559e+00   3.238768e+00   1.222425e+00

After 16 iterations the fit converged.
final sum of squares of residuals : 0.000306929
rel. change during last iteration : -2.65909e-07

degrees of freedom    (FIT_NDF)                        : 34
rms of residuals      (FIT_STDFIT) = sqrt(WSSR/ndf)    : 0.00300455
variance of residuals (reduced chisquare) = WSSR/ndf   : 9.02733e-06

Final set of parameters            Asymptotic Standard Error
=======================            ==========================
a               = 2.79319          +/- 1.968        (70.46%)
alpha           = 2.79756          +/- 0.3666       (13.1%)
b               = 3.23877          +/- 0.7116       (21.97%)
beta            = 1.22242          +/- 0.1477       (12.09%)

correlation matrix of the fit parameters:
                a      alpha  b      beta   
a               1.000 
alpha           0.992  1.000 
b               1.000  0.991  1.000 
beta           -0.990 -0.968 -0.991  1.000 


*******************************************************************************
Mon Nov  9 22:36:57 2020


FIT:    data read from 'hist2.temp' u 1:2
        format = x:z
        #datapoints = 19
        residuals are weighted equally (unit weight)

function used for fitting: P(x)
	P(x) = a*(x**alpha)*exp(-b*(x**beta))
fitted parameters initialized with current variable values

iter      chisq       delta/lim  lambda   a             alpha         b             beta         
   0 1.5904208967e-01   0.00e+00  2.55e-01    3.000000e+00   2.000000e+00   1.000000e+00   2.000000e+00
1121 8.1388588758e-06  -9.91e-01  2.55e-03    7.263719e+00  -3.421776e+00   3.552312e-01   2.198379e-02

After 1121 iterations the fit converged.
final sum of squares of residuals : 8.13886e-06
rel. change during last iteration : -9.91374e-06

degrees of freedom    (FIT_NDF)                        : 15
rms of residuals      (FIT_STDFIT) = sqrt(WSSR/ndf)    : 0.000736607
variance of residuals (reduced chisquare) = WSSR/ndf   : 5.42591e-07

Final set of parameters            Asymptotic Standard Error
=======================            ==========================
a               = 7.26372          +/- 3.88e+06     (5.341e+07%)
alpha           = -3.42178         +/- 5560         (1.625e+05%)
b               = 0.355231         +/- 5.342e+05    (1.504e+08%)
beta            = 0.0219838        +/- 1.741e+04    (7.917e+07%)

correlation matrix of the fit parameters:
                a      alpha  b      beta   
a               1.000 
alpha           1.000  1.000 
b               1.000  1.000  1.000 
beta           -1.000 -1.000 -1.000  1.000 


*******************************************************************************
Mon Nov  9 22:42:21 2020


FIT:    data read from 'hist2.temp' u 1:2
        format = x:z
        #datapoints = 35
        residuals are weighted equally (unit weight)

function used for fitting: P(x)
	P(x) = a*(x**alpha)*exp(-b*(x**beta))
fitted parameters initialized with current variable values

iter      chisq       delta/lim  lambda   a             alpha         b             beta         
   0 1.1316449150e-02   0.00e+00  1.60e-01    3.000000e+00   2.000000e+00   1.000000e+00   2.000000e+00
1065 1.2360772036e-05  -9.99e-01  1.60e-04    3.335827e+01  -3.673746e-01   4.364722e+00   3.477863e-01

After 1065 iterations the fit converged.
final sum of squares of residuals : 1.23608e-05
rel. change during last iteration : -9.9907e-06

degrees of freedom    (FIT_NDF)                        : 31
rms of residuals      (FIT_STDFIT) = sqrt(WSSR/ndf)    : 0.000631454
variance of residuals (reduced chisquare) = WSSR/ndf   : 3.98735e-07

Final set of parameters            Asymptotic Standard Error
=======================            ==========================
a               = 33.3583          +/- 452.6        (1357%)
alpha           = -0.367375        +/- 2.619        (712.9%)
b               = 4.36472          +/- 13.58        (311.1%)
beta            = 0.347786         +/- 0.4809       (138.3%)

correlation matrix of the fit parameters:
                a      alpha  b      beta   
a               1.000 
alpha           1.000  1.000 
b               1.000  1.000  1.000 
beta           -1.000 -0.999 -1.000  1.000 


*******************************************************************************
Mon Nov  9 22:42:59 2020


FIT:    data read from 'hist2.temp' u 1:2
        format = x:z
        #datapoints = 35
        residuals are weighted equally (unit weight)

function used for fitting: P(x)
	P(x) = a*(x**alpha)*exp(-b*(x**beta))
fitted parameters initialized with current variable values

iter      chisq       delta/lim  lambda   a             alpha         b             beta         
   0 1.1316449150e-02   0.00e+00  1.60e-01    3.000000e+00   2.000000e+00   1.000000e+00   2.000000e+00
1065 1.2360772036e-05  -9.99e-01  1.60e-04    3.335827e+01  -3.673746e-01   4.364722e+00   3.477863e-01

After 1065 iterations the fit converged.
final sum of squares of residuals : 1.23608e-05
rel. change during last iteration : -9.9907e-06

degrees of freedom    (FIT_NDF)                        : 31
rms of residuals      (FIT_STDFIT) = sqrt(WSSR/ndf)    : 0.000631454
variance of residuals (reduced chisquare) = WSSR/ndf   : 3.98735e-07

Final set of parameters            Asymptotic Standard Error
=======================            ==========================
a               = 33.3583          +/- 452.6        (1357%)
alpha           = -0.367375        +/- 2.619        (712.9%)
b               = 4.36472          +/- 13.58        (311.1%)
beta            = 0.347786         +/- 0.4809       (138.3%)

correlation matrix of the fit parameters:
                a      alpha  b      beta   
a               1.000 
alpha           1.000  1.000 
b               1.000  1.000  1.000 
beta           -1.000 -0.999 -1.000  1.000 


*******************************************************************************
Mon Nov  9 22:51:12 2020


FIT:    data read from 'hist.temp' u 1:2
        format = x:z
        #datapoints = 67
        residuals are weighted equally (unit weight)

function used for fitting: P(x)
	P(x) = a*(x**alpha)*exp(-b*(x**beta))
fitted parameters initialized with current variable values

iter      chisq       delta/lim  lambda   a             alpha         b             beta         
   0 9.2204875261e+00   0.00e+00  4.59e-01    3.000000e+00   2.000000e+00   1.000000e+00   2.000000e+00
   9 1.3890988931e-04  -6.95e-05  4.59e-01    1.779744e+00   2.756943e+00   3.091552e+00   1.271789e+00

After 9 iterations the fit converged.
final sum of squares of residuals : 0.00013891
rel. change during last iteration : -6.95456e-10

degrees of freedom    (FIT_NDF)                        : 63
rms of residuals      (FIT_STDFIT) = sqrt(WSSR/ndf)    : 0.0014849
variance of residuals (reduced chisquare) = WSSR/ndf   : 2.20492e-06

Final set of parameters            Asymptotic Standard Error
=======================            ==========================
a               = 1.77974          +/- 0.6668       (37.47%)
alpha           = 2.75694          +/- 0.2015       (7.31%)
b               = 3.09155          +/- 0.3786       (12.25%)
beta            = 1.27179          +/- 0.08599      (6.761%)

correlation matrix of the fit parameters:
                a      alpha  b      beta   
a               1.000 
alpha           0.992  1.000 
b               1.000  0.991  1.000 
beta           -0.989 -0.966 -0.990  1.000 


*******************************************************************************
Mon Nov  9 23:52:33 2020


FIT:    data read from 'hist2.temp' u 1:2
        format = x:z
        x range restricted to [0.00000 : 20.0000]
        #datapoints = 15
        residuals are weighted equally (unit weight)

function used for fitting: P(x)
	P(x) = a*(x**alpha)*exp(-b*(x**beta))
fitted parameters initialized with current variable values

iter      chisq       delta/lim  lambda   a             alpha         b             beta         
   0 1.1315250821e-02   0.00e+00  2.44e-01    3.000000e+00   2.000000e+00   1.000000e+00   2.000000e+00
1183 1.1347064770e-05  -9.99e-01  2.44e-04    2.464954e+01  -4.254187e-01   4.062509e+00   3.594048e-01

After 1183 iterations the fit converged.
final sum of squares of residuals : 1.13471e-05
rel. change during last iteration : -9.99177e-06

degrees of freedom    (FIT_NDF)                        : 11
rms of residuals      (FIT_STDFIT) = sqrt(WSSR/ndf)    : 0.00101565
variance of residuals (reduced chisquare) = WSSR/ndf   : 1.03155e-06

Final set of parameters            Asymptotic Standard Error
=======================            ==========================
a               = 24.6495          +/- 486.3        (1973%)
alpha           = -0.425419        +/- 3.948        (928%)
b               = 4.06251          +/- 19.74        (485.8%)
beta            = 0.359405         +/- 0.7736       (215.2%)

correlation matrix of the fit parameters:
                a      alpha  b      beta   
a               1.000 
alpha           1.000  1.000 
b               1.000  1.000  1.000 
beta           -1.000 -0.999 -1.000  1.000 


*******************************************************************************
Mon Nov  9 23:53:02 2020


FIT:    data read from 'hist2.temp' u 1:2
        format = x:z
        x range restricted to [0.00000 : 100.000]
        #datapoints = 32
        residuals are weighted equally (unit weight)

function used for fitting: P(x)
	P(x) = a*(x**alpha)*exp(-b*(x**beta))
fitted parameters initialized with current variable values

iter      chisq       delta/lim  lambda   a             alpha         b             beta         
   0 1.1316412089e-02   0.00e+00  1.67e-01    3.000000e+00   2.000000e+00   1.000000e+00   2.000000e+00
1074 1.2333046528e-05  -9.99e-01  1.67e-04    3.228480e+01  -3.737218e-01   4.332065e+00   3.489523e-01

After 1074 iterations the fit converged.
final sum of squares of residuals : 1.2333e-05
rel. change during last iteration : -9.9923e-06

degrees of freedom    (FIT_NDF)                        : 28
rms of residuals      (FIT_STDFIT) = sqrt(WSSR/ndf)    : 0.000663676
variance of residuals (reduced chisquare) = WSSR/ndf   : 4.40466e-07

Final set of parameters            Asymptotic Standard Error
=======================            ==========================
a               = 32.2848          +/- 455.4        (1411%)
alpha           = -0.373722        +/- 2.733        (731.2%)
b               = 4.33206          +/- 14.12        (325.8%)
beta            = 0.348952         +/- 0.5053       (144.8%)

correlation matrix of the fit parameters:
                a      alpha  b      beta   
a               1.000 
alpha           1.000  1.000 
b               1.000  1.000  1.000 
beta           -1.000 -0.999 -1.000  1.000 


*******************************************************************************
Tue Nov 10 00:06:51 2020


FIT:    data read from 'hist.temp' u 1:2
        format = x:z
        #datapoints = 67
        residuals are weighted equally (unit weight)

function used for fitting: P(x)
	P(x) = a*(x**alpha)*exp(-b*(x**beta))
fitted parameters initialized with current variable values

iter      chisq       delta/lim  lambda   a             alpha         b             beta         
   0 9.2204875261e+00   0.00e+00  4.59e-01    3.000000e+00   2.000000e+00   1.000000e+00   2.000000e+00
   9 1.3890988931e-04  -6.95e-05  4.59e-01    1.779744e+00   2.756943e+00   3.091552e+00   1.271789e+00

After 9 iterations the fit converged.
final sum of squares of residuals : 0.00013891
rel. change during last iteration : -6.95456e-10

degrees of freedom    (FIT_NDF)                        : 63
rms of residuals      (FIT_STDFIT) = sqrt(WSSR/ndf)    : 0.0014849
variance of residuals (reduced chisquare) = WSSR/ndf   : 2.20492e-06

Final set of parameters            Asymptotic Standard Error
=======================            ==========================
a               = 1.77974          +/- 0.6668       (37.47%)
alpha           = 2.75694          +/- 0.2015       (7.31%)
b               = 3.09155          +/- 0.3786       (12.25%)
beta            = 1.27179          +/- 0.08599      (6.761%)

correlation matrix of the fit parameters:
                a      alpha  b      beta   
a               1.000 
alpha           0.992  1.000 
b               1.000  0.991  1.000 
beta           -0.989 -0.966 -0.990  1.000 
