

*******************************************************************************
Mon Nov  2 22:50:25 2020


FIT:    data read from 'time1.txt' u 2:1
        format = x:z
        #datapoints = 100
        residuals are weighted equally (unit weight)

function used for fitting: f(x)
	f(x) = a1+b1*x**c1
fitted parameters initialized with current variable values

iter      chisq       delta/lim  lambda   a1            b1            c1           
   0 8.0808614749e+16   0.00e+00  6.87e+08    1.000000e-01   1.000000e-10   3.000000e+00
1044 6.1148461704e-02  -6.34e-01  6.87e-04   -3.456874e-03   8.503511e-10   1.560424e+00

After 1044 iterations the fit converged.
final sum of squares of residuals : 0.0611485
rel. change during last iteration : -6.34455e-06

degrees of freedom    (FIT_NDF)                        : 97
rms of residuals      (FIT_STDFIT) = sqrt(WSSR/ndf)    : 0.0251077
variance of residuals (reduced chisquare) = WSSR/ndf   : 0.000630397

Final set of parameters            Asymptotic Standard Error
=======================            ==========================
a1              = -0.00345687      +/- 0.004357     (126%)
b1              = 8.50351e-10      +/- 1.875e-10    (22.05%)
c1              = 1.56042          +/- 0.01591      (1.02%)

correlation matrix of the fit parameters:
                a1     b1     c1     
a1              1.000 
b1             -0.660  1.000 
c1              0.650 -1.000  1.000 


*******************************************************************************
Mon Nov  2 22:50:26 2020


FIT:    data read from 'time2.txt' u 2:1
        format = x:z
        #datapoints = 100
        residuals are weighted equally (unit weight)

function used for fitting: g(x)
	g(x) = a2+b2*x**c2
fitted parameters initialized with current variable values

iter      chisq       delta/lim  lambda   a2            b2            c2           
   0 8.0808604737e+16   0.00e+00  6.87e+08    1.000000e-01   1.000000e-10   3.000000e+00
1369 8.8908814546e-01  -2.91e-02  6.87e-06    1.287624e-02   3.104011e-09   1.556925e+00

After 1369 iterations the fit converged.
final sum of squares of residuals : 0.889088
rel. change during last iteration : -2.90858e-07

degrees of freedom    (FIT_NDF)                        : 97
rms of residuals      (FIT_STDFIT) = sqrt(WSSR/ndf)    : 0.0957385
variance of residuals (reduced chisquare) = WSSR/ndf   : 0.00916586

Final set of parameters            Asymptotic Standard Error
=======================            ==========================
a2              = 0.0128762        +/- 0.01663      (129.2%)
b2              = 3.10401e-09      +/- 7.485e-10    (24.11%)
c2              = 1.55692          +/- 0.01741      (1.118%)

correlation matrix of the fit parameters:
                a2     b2     c2     
a2              1.000 
b2             -0.661  1.000 
c2              0.651 -1.000  1.000 


*******************************************************************************
Mon Nov  2 22:50:28 2020


FIT:    data read from 'time3.txt' u 2:1
        format = x:z
        #datapoints = 100
        residuals are weighted equally (unit weight)

function used for fitting: h(x)
	h(x) = a3+b3*x**c3
fitted parameters initialized with current variable values

iter      chisq       delta/lim  lambda   a3            b3            c3           
   0 8.0808613607e+16   0.00e+00  6.87e+08    1.000000e-01   1.000000e-10   3.000000e+00
 929 1.1374949326e+00  -1.16e-03  6.87e-07   -7.054435e-03   4.571652e-09   1.455599e+00

After 929 iterations the fit converged.
final sum of squares of residuals : 1.13749
rel. change during last iteration : -1.15918e-08

degrees of freedom    (FIT_NDF)                        : 97
rms of residuals      (FIT_STDFIT) = sqrt(WSSR/ndf)    : 0.10829
variance of residuals (reduced chisquare) = WSSR/ndf   : 0.0117268

Final set of parameters            Asymptotic Standard Error
=======================            ==========================
a3              = -0.00705443      +/- 0.01945      (275.7%)
b3              = 4.57165e-09      +/- 3.206e-09    (70.13%)
c3              = 1.4556           +/- 0.05065      (3.48%)

correlation matrix of the fit parameters:
                a3     b3     c3     
a3              1.000 
b3             -0.676  1.000 
c3              0.665 -1.000  1.000 


*******************************************************************************
Mon Nov  2 22:50:28 2020


FIT:    data read from 'time4.txt' u 2:1
        format = x:z
        #datapoints = 100
        residuals are weighted equally (unit weight)

function used for fitting: t(x)
	t(x) = a4+b4*x**c4
fitted parameters initialized with current variable values

iter      chisq       delta/lim  lambda   a4            b4            c4           
   0 8.0808618311e+16   0.00e+00  6.87e+08    1.000000e-01   1.000000e-10   3.000000e+00
1109 3.8259366421e-03  -8.93e-02  6.87e-05   -2.094644e-04   4.459182e-10   1.446489e+00

After 1109 iterations the fit converged.
final sum of squares of residuals : 0.00382594
rel. change during last iteration : -8.9346e-07

degrees of freedom    (FIT_NDF)                        : 97
rms of residuals      (FIT_STDFIT) = sqrt(WSSR/ndf)    : 0.00628034
variance of residuals (reduced chisquare) = WSSR/ndf   : 3.94426e-05

Final set of parameters            Asymptotic Standard Error
=======================            ==========================
a4              = -0.000209464     +/- 0.001131     (540.1%)
b4              = 4.45918e-10      +/- 2.096e-10    (46.99%)
c4              = 1.44649          +/- 0.03394      (2.346%)

correlation matrix of the fit parameters:
                a4     b4     c4     
a4              1.000 
b4             -0.677  1.000 
c4              0.666 -1.000  1.000 
